This is e-pTeX, Version 3.14159265-p3.5-130605-2.6 (utf8.euc) (TeX Live 2015/dev/Debian) (preloaded format=platex 2016.11.3)  5 FEB 2017 19:54
entering extended mode
 \write18 enabled.
 %&-line parsing enabled.
**S3_L_AnalogCircuit2.tex
(./S3_L_AnalogCircuit2.tex
pLaTeX2e <2006/11/10> (based on LaTeX2e <2014/05/01> patch level 0)
Babel <3.9l> and hyphenation patterns for 11 languages loaded.
(/usr/share/texlive/texmf-dist/tex/platex/jsclasses/jsarticle.cls
Document Class: jsarticle 2014/02/07 okumura
LaTeX Info: Redefining \rmfamily on input line 352.
LaTeX Info: Redefining \sffamily on input line 355.
LaTeX Info: Redefining \ttfamily on input line 358.
\symmincho=\mathgroup4
LaTeX Font Info:    Overwriting symbol font `mincho' in version `bold'
(Font)                  JY1/mc/m/n --> JY1/gt/m/n on input line 423.
LaTeX Font Info:    Font shape `JT1/mc/m/n' will be
(Font)              scaled to size 9.60999pt on input line 613.
LaTeX Font Info:    Font shape `JY1/mc/m/n' will be
(Font)              scaled to size 9.60999pt on input line 613.
\fullwidth=\dimen118
LaTeX Font Info:    Font shape `JT1/mc/m/n' will be
(Font)              scaled to size 7.68799pt on input line 760.
LaTeX Font Info:    Font shape `JY1/mc/m/n' will be
(Font)              scaled to size 7.68799pt on input line 760.
\c@part=\count81
\c@section=\count82
\c@subsection=\count83
\c@subsubsection=\count84
\c@paragraph=\count85
\c@subparagraph=\count86
\@abstractbox=\box41
\c@figure=\count87
\c@table=\count88
\abovecaptionskip=\skip41
\belowcaptionskip=\skip42
\js@tocl@width=\dimen119
\@lnumwidth=\dimen120
\bibindent=\dimen121
LaTeX Info: Redefining \TeX on input line 1731.
LaTeX Info: Redefining \LaTeX on input line 1757.
LaTeX Info: Redefining \LaTeXe on input line 1782.
\heisei=\count89
) (/usr/share/texlive/texmf-dist/tex/latex/booktabs/booktabs.sty
Package: booktabs 2005/04/14 v1.61803 publication quality tables
\heavyrulewidth=\dimen122
\lightrulewidth=\dimen123
\cmidrulewidth=\dimen124
\belowrulesep=\dimen125
\belowbottomsep=\dimen126
\aboverulesep=\dimen127
\abovetopsep=\dimen128
\cmidrulesep=\dimen129
\cmidrulekern=\dimen130
\defaultaddspace=\dimen131
\@cmidla=\count90
\@cmidlb=\count91
\@aboverulesep=\dimen132
\@belowrulesep=\dimen133
\@thisruleclass=\count92
\@lastruleclass=\count93
\@thisrulewidth=\dimen134
)
(/usr/share/texlive/texmf-dist/tex/latex/graphics/graphicx.sty
Package: graphicx 2014/04/25 v1.0g Enhanced LaTeX Graphics (DPC,SPQR)

(/usr/share/texlive/texmf-dist/tex/latex/graphics/keyval.sty
Package: keyval 2014/05/08 v1.15 key=value parser (DPC)
\KV@toks@=\toks15
)
(/usr/share/texlive/texmf-dist/tex/latex/graphics/graphics.sty
Package: graphics 2009/02/05 v1.0o Standard LaTeX Graphics (DPC,SPQR)

(/usr/share/texlive/texmf-dist/tex/latex/graphics/trig.sty
Package: trig 1999/03/16 v1.09 sin cos tan (DPC)
)
(/usr/share/texlive/texmf-dist/tex/latex/latexconfig/graphics.cfg
File: graphics.cfg 2010/04/23 v1.9 graphics configuration of TeX Live
)
Package graphics Info: Driver file: dvipdfmx.def on input line 91.

(/usr/share/texlive/texmf-dist/tex/latex/dvipdfmx-def/dvipdfmx.def
File: dvipdfmx.def 2014/07/25 v4.03 LaTeX color/graphics driver for dvipdfmx (T
eX Live/ChoF)
))
\Gin@req@height=\dimen135
\Gin@req@width=\dimen136
)
(./S3_L_AnalogCircuit2.aux)
\openout1 = `S3_L_AnalogCircuit2.aux'.

LaTeX Font Info:    Checking defaults for OML/cmm/m/it on input line 9.
LaTeX Font Info:    ... okay on input line 9.
LaTeX Font Info:    Checking defaults for T1/cmr/m/n on input line 9.
LaTeX Font Info:    ... okay on input line 9.
LaTeX Font Info:    Checking defaults for OT1/cmr/m/n on input line 9.
LaTeX Font Info:    ... okay on input line 9.
LaTeX Font Info:    Checking defaults for OMS/cmsy/m/n on input line 9.
LaTeX Font Info:    ... okay on input line 9.
LaTeX Font Info:    Checking defaults for OMX/cmex/m/n on input line 9.
LaTeX Font Info:    ... okay on input line 9.
LaTeX Font Info:    Checking defaults for U/cmr/m/n on input line 9.
LaTeX Font Info:    ... okay on input line 9.
LaTeX Font Info:    Checking defaults for JY1/mc/m/n on input line 9.
LaTeX Font Info:    ... okay on input line 9.
LaTeX Font Info:    Checking defaults for JT1/mc/m/n on input line 9.
LaTeX Font Info:    ... okay on input line 9.
LaTeX Font Info:    Font shape `JT1/gt/m/n' will be
(Font)              scaled to size 9.60999pt on input line 11.
LaTeX Font Info:    Font shape `JY1/gt/m/n' will be
(Font)              scaled to size 9.60999pt on input line 11.
LaTeX Font Info:    Font shape `JT1/mc/m/n' will be
(Font)              scaled to size 13.83836pt on input line 11.
LaTeX Font Info:    Font shape `JY1/mc/m/n' will be
(Font)              scaled to size 13.83836pt on input line 11.
LaTeX Font Info:    Font shape `JT1/gt/m/n' will be
(Font)              scaled to size 13.83836pt on input line 11.
LaTeX Font Info:    Font shape `JY1/gt/m/n' will be
(Font)              scaled to size 13.83836pt on input line 11.
 (./S3_L_AnalogCircuit2.toc
LaTeX Font Info:    External font `cmex10' loaded for size
(Font)              <7> on input line 3.
LaTeX Font Info:    External font `cmex10' loaded for size
(Font)              <5> on input line 3.
LaTeX Font Info:    Font shape `JY1/mc/m/n' will be
(Font)              scaled to size 6.72699pt on input line 3.
LaTeX Font Info:    Font shape `JY1/mc/m/n' will be
(Font)              scaled to size 4.805pt on input line 3.
)
\tf@toc=\write3
\openout3 = `S3_L_AnalogCircuit2.toc'.

 [1

]
LaTeX Font Info:    Font shape `JT1/mc/m/n' will be
(Font)              scaled to size 11.53198pt on input line 22.
LaTeX Font Info:    Font shape `JY1/mc/m/n' will be
(Font)              scaled to size 11.53198pt on input line 22.
LaTeX Font Info:    Font shape `JT1/gt/m/n' will be
(Font)              scaled to size 11.53198pt on input line 22.
LaTeX Font Info:    Font shape `JY1/gt/m/n' will be
(Font)              scaled to size 11.53198pt on input line 22.
File: levelshifter.png Graphic file (type bmp)
 <levelshifter.png>
LaTeX Font Info:    Font shape `JT1/mc/m/n' will be
(Font)              scaled to size 8.64899pt on input line 34.
LaTeX Font Info:    Font shape `JY1/mc/m/n' will be
(Font)              scaled to size 8.64899pt on input line 34.
File: risou_levelshifter.png Graphic file (type bmp)

<risou_levelshifter.png> [2]
File: 1_0.png Graphic file (type bmp)
 <1_0.png> [3]
File: reverse_levelshifter.png Graphic file (type bmp)
 <reverse_levelshifter.png> [4]
[5]
LaTeX Font Info:    Try loading font information for OMS+cmr on input line 110.

 (/usr/share/texlive/texmf-dist/tex/latex/base/omscmr.fd
File: omscmr.fd 2014/09/29 v2.5h Standard LaTeX font definitions
)
LaTeX Font Info:    Font shape `OMS/cmr/m/n' in size <10> not available
(Font)              Font shape `OMS/cmsy/m/n' tried instead on input line 110.
File: noamp_tokusei.png Graphic file (type bmp)

<noamp_tokusei.png>
File: risou_limitter.png Graphic file (type bmp)
 <risou_limitter.png> [6

] [7]
File: 1_1_noamp_PS.png Graphic file (type bmp)
 <1_1_noamp_PS.png>
File: b_noamp.png Graphic file (type bmp)

<b_noamp.png>
File: noamp_wave.png Graphic file (type bmp)
 <noamp_wave.png> [8]
File: 1_1_noampFG_f1V2_ViVo.png Graphic file (type bmp)
 <1_1_noampFG_f1V2_ViVo.png>
File: 1_1_noampFG_f1V4sankaku_ViVo.png Graphic file (type bmp)

<1_1_noampFG_f1V4sankaku_ViVo.png> [9]
File: 1_1_noampFG_f100V4_ViVo.png Graphic file (type bmp)
 <1_1_noampFG_f100V4_ViVo.png> [10]
File: amp_tokusei.png Graphic file (type bmp)

<amp_tokusei.png> [11]
File: b_amp.png Graphic file (type bmp)
 <b_amp.png>
File: 1_1_amp_PS_ViVo.png Graphic file (type bmp)
 <1_1_amp_PS_ViVo.png>
File: 1_1_amp_PS_ViVa.png Graphic file (type bmp)
 <1_1_amp_PS_ViVa.png>
File: amp_wave.png Graphic file (type bmp)

<amp_wave.png> [12] [13]
File: 1_1_ampFG_f1V2_ViVo.png Graphic file (type bmp)
 <1_1_ampFG_f1V2_ViVo.png>
File: 1_1_ampFG_f1V2_ViVa.png Graphic file (type bmp)
 <1_1_ampFG_f1V2_ViVa.png>
File: 1_1_ampFG_f1V4sankaku_ViVo.png Graphic file (type bmp)

<1_1_ampFG_f1V4sankaku_ViVo.png>
File: 1_1_ampFG_f1V4sankaku_ViVa.png Graphic file (type bmp)
 <1_1_ampFG_f1V4sankaku_ViVa.png>
File: 1_1_ampFG_f100V4_ViVo.png Graphic file (type bmp)

<1_1_ampFG_f100V4_ViVo.png> [14] [15] [16]
File: histeri_tokusei.png Graphic file (type bmp)
 <histeri_tokusei.png>
File: risou_histeri.png Graphic file (type bmp)

<risou_histeri.png> [17

]
File: 1_2_histeri_Vth2.png Graphic file (type bmp)
 <1_2_histeri_Vth2.png>
LaTeX Font Info:    External font `cmex10' loaded for size
(Font)              <9> on input line 400.
LaTeX Font Info:    External font `cmex10' loaded for size
(Font)              <6> on input line 400.
LaTeX Font Info:    Font shape `JY1/mc/m/n' will be
(Font)              scaled to size 5.76599pt on input line 400.
File: 1_2_histeri_Vth1.png Graphic file (type bmp)
 <1_2_histeri_Vth1.png>
File: histeri_wave.png Graphic file (type bmp)

<histeri_wave.png> [18]
File: 1_2_histeri_Vth2f1V6sankaku_ViVo.png Graphic file (type bmp)
 <1_2_histeri_Vth2f1V6sankaku_ViVo.png>
File: 1_2_histeri_Vth2f10V6sankaku_ViVo.png Graphic file (type bmp)

<1_2_histeri_Vth2f10V6sankaku_ViVo.png>
File: 1_2_histeri_Vth1f1V6sankaku_ViVo.png Graphic file (type bmp)
 <1_2_histeri_Vth1f1V6sankaku_ViVo.png>
[19] [20]
File: 1_2_noise_before_6-1_BigScale.png Graphic file (type bmp)
 <1_2_noise_before_6-1_BigScale.png>
File: 1_2_noise_before_6-4_BigScale.png Graphic file (type bmp)

<1_2_noise_before_6-4_BigScale.png>
File: 1_2_noise_before_6-4_SmallScale.png Graphic file (type bmp)
 <1_2_noise_before_6-4_SmallScale.png>
File: 1_2_noise_after_6-1_BigScale.png Graphic file (type bmp)

<1_2_noise_after_6-1_BigScale.png>
File: 1_2_noise_after_6-1_SmallScale.png Graphic file (type bmp)
 <1_2_noise_after_6-1_SmallScale.png>
[21] [22] [23] [24]
File: abs_tokusei.png Graphic file (type bmp)
 <abs_tokusei.png>
File: risou_absr0.png Graphic file (type bmp)
 <risou_absr0.png>
File: risou_absr1.png Graphic file (type bmp)
 <risou_absr1.png>
File: 2_Vr0.png Graphic file (type bmp)

<2_Vr0.png> [25

]
File: 2_Vr1.png Graphic file (type bmp)
 <2_Vr1.png> [26]
File: abs_wave.png Graphic file (type bmp)
 <abs_wave.png> [27]
File: 2_abs_Vr0_f10V4sin_ViVo.png Graphic file (type bmp)

<2_abs_Vr0_f10V4sin_ViVo.png>
File: 2_abs_Vr0_f1V4sankaku_ViVo.png Graphic file (type bmp)
 <2_abs_Vr0_f1V4sankaku_ViVo.png>
File: 2_abs_Vr1_f1V2sin_ViVo.png Graphic file (type bmp)

<2_abs_Vr1_f1V2sin_ViVo.png>
File: 2_abs_Vr1_f1V4sin_ViVo.png Graphic file (type bmp)
 <2_abs_Vr1_f1V4sin_ViVo.png> [28] [29] [30

]
(./S3_L_AnalogCircuit2.aux) ) 
Here is how much of TeX's memory you used:
 1022 strings out of 494934
 14224 string characters out of 6180149
 66717 words of memory out of 5000000
 4319 multiletter control sequences out of 15000+600000
 13848 words of font info for 63 fonts, out of 8000000 for 9000
 269 hyphenation exceptions out of 8191
 25i,7n,21p,540b,349s stack positions out of 5000i,500n,10000p,200000b,80000s

Output written on S3_L_AnalogCircuit2.dvi (30 pages, 43928 bytes).
